<?xml version="1.0" encoding="UTF-8"?>
<!-- Generated by org.testng.reporters.JUnitReportReporter -->
<testsuite hostname="DESKTOP-G1OI83H" failures="0" tests="1" name="test.OtherPageTest" time="3.082" errors="0" timestamp="25 Sep 2023 10:35:00 GMT" skipped="0">
  <testcase classname="test.OtherPageTest" name="testCheckChangeOnOtherPage" time="3.082"/>
</testsuite> <!-- test.OtherPageTest -->
