<?xml version="1.0" encoding="UTF-8"?>
<!-- Generated by org.testng.reporters.JUnitReportReporter -->
<testsuite hostname="DESKTOP-G1OI83H" failures="0" tests="1" name="test.testMakeChangeToConfigurationPage" time="7.371" errors="0" timestamp="25 Sep 2023 10:35:00 GMT" skipped="0">
  <testcase classname="test.testMakeChangeToConfigurationPage" name="MakeChangeToConfigurationPage" time="7.371"/>
</testsuite> <!-- test.testMakeChangeToConfigurationPage -->
